gpg-pubkey-31645531-66b6dccf 1723260111 0 (none) installed
gpg-pubkey-105ef944-65ca83d1 1707770833 0 (none) installed
gpg-pubkey-6d9f90a6-6786af3b 1736879931 0 (none) installed
libgcc-15.0.1-0.10.fc43.x86_64 1741898901 272972 e449fce95cf52de3ffc42fb36e7b8453 installed
libssh-config-0.11.1-4.fc42.noarch 1737360677 277 839e83aff9a47a71c70b4d65928ed8ce installed
publicsuffix-list-dafsa-20250116-1.fc42.noarch 1737348310 70165 9ffbd991afaa196020a4437c404f4a5d installed
fedora-release-identity-basic-43-0.8.noarch 1742816090 719 333b6da21c7a0568beb2bf51d9802cea installed
fedora-repos-rawhide-43-0.1.noarch 1738695261 2203 45985a3939adb8734907f9f41b1721c3 installed
fedora-gpg-keys-43-0.1.noarch 1738695261 131254 acdb8804b3819ff20a9844d6a28e6682 installed
fedora-repos-43-0.1.noarch 1738695261 4971 3d151c4e2c4cda29d07f8d42e7f0273a installed
fedora-release-common-43-0.8.noarch 1742816090 20775 fa5e9b0d4e6741f5e0c21671ba7b9d9f installed
fedora-release-43-0.8.noarch 1742816090 0 43b1cc781e731f0204adace9ef42321b installed
setup-2.15.0-23.fc43.noarch 1742474129 742079 bdeeea56c24f483089e99585b1264667 installed
filesystem-3.18-38.fc43.x86_64 1738930514 112 43e3ea96be882b1b41f3ac35beaf5d32 installed
pkgconf-m4-2.3.0-2.fc42.noarch 1737361754 14747 a30e9ed00653d7989d3819b13b530396 installed
pcre2-syntax-10.45-1.fc43.noarch 1739786844 280488 beaff052bb675d3b8f13e4271d3c79b0 installed
ncurses-base-6.5-5.20250125.fc42.noarch 1738061722 334656 b42c72888da229aee4e4b88d5a6e1d8d installed
glibc-minimal-langpack-2.41.9000-6.fc43.x86_64 1742927080 0 d59376304fc75fc78412ac9964f5cf3c installed
ncurses-libs-6.5-5.20250125.fc42.x86_64 1738061712 969007 bea558f10f97d7b35176861f9df4bf8b installed
glibc-2.41.9000-6.fc43.x86_64 1742927080 6973285 c662fd41b7f68e5c434889238345b054 installed
bash-5.2.37-3.fc43.x86_64 1739520337 8558707 997f8709d2431bd7bdce91152d846d05 installed
glibc-common-2.41.9000-6.fc43.x86_64 1742927080 1062413 cdf5419b6a62d47b22d1c1eb76450ec0 installed
glibc-gconv-extra-2.41.9000-6.fc43.x86_64 1742927080 7569302 fef6abf7f53d3169b08e05fad8e30674 installed
zlib-ng-compat-2.2.4-2.fc43.x86_64 1740581026 140920 f999f6b0e2ea58fdfea8d1e6d9ff6b0e installed
bzip2-libs-1.0.8-20.fc42.x86_64 1737033070 86612 f2569e97f1fb149555f729fe47c49d61 installed
xz-libs-1:5.8.0-1.fc43.x86_64 1743011810 223045 685f6630967109fe50d99fe8b5601074 installed
libuuid-2.40.4-7.fc43.x86_64 1740398554 38221 be79b7d7f5a411a01c4f2364b0d39763 installed
libblkid-2.40.4-7.fc43.x86_64 1740398554 268714 7cbcc2f6e41d549c056b4ccb1b8750a8 installed
gmp-1:6.3.0-3.fc43.x86_64 1739953677 838896 cee0701240ce706494af28e7aa5a6564 installed
popt-1.19-8.fc42.x86_64 1737196928 135954 640e79fd834192bea33381a6fbb44fe3 installed
readline-8.2-13.fc43.x86_64 1741227319 496621 1e858b63140f21d1576cc7534d6e5b10 installed
libxcrypt-4.4.38-6.fc43.x86_64 1739536338 291281 64973cc67f023c6edc8a513031e8fe84 installed
libstdc++-15.0.1-0.10.fc43.x86_64 1741898901 2943864 d96bdac436812ef9240186f94ab06d94 installed
libzstd-1.5.7-1.fc43.x86_64 1740053893 827214 93b82d848164b0ec807616947da345a4 installed
elfutils-libelf-0.192-8.fc42.x86_64 1737046316 1224568 7e39d2f093da94cb1e6fb9b853e9ed1f installed
libattr-2.5.2-5.fc42.x86_64 1737028793 27781 757107dc822660367c14f0c3e776f8bf installed
libacl-2.3.2-3.fc42.x86_64 1737023791 39250 76927624df8bfdaaded5405c99faa264 installed
dwz-0.15-9.fc42.x86_64 1737049275 298028 30413455d30a0b821bd4cef9f6d490f5 installed
mpfr-4.2.2-1.fc43.x86_64 1742491746 848643 4f426e1adfa5b8da783663782ccd6f52 installed
gawk-5.3.1-1.fc42.x86_64 1737725303 1760846 1d6d96a1646913fabd16a51f5f942fea installed
unzip-6.0-66.fc42.x86_64 1737294961 399651 e0bc412d3e543ffb7e72b1f1cae3e350 installed
file-libs-5.46-1.fc42.x86_64 1738597106 12431131 93664ae25e2f7a15451a7415edd1a015 installed
file-5.46-1.fc42.x86_64 1738597106 102652 f3f1fe61b698d1a3ad888e26b691e97d installed
crypto-policies-20250324-1.git3714354.fc43.noarch 1742899776 142829 efff442df8f42b001f46b9e1e986d7e1 installed
pcre2-10.45-1.fc43.x86_64 1739786840 714458 7fa2cc4324c586b0a86224bc392bffd7 installed
grep-3.11-10.fc42.x86_64 1737090825 1042106 27225208b5aec302499f033f5f1b43a9 installed
xz-1:5.8.0-1.fc43.x86_64 1743011810 1372902 d62fe6fcb5adf6dceb7eb78970b8c5ef installed
libeconf-0.7.6-1.fc43.x86_64 1739190164 66134 e1975dca00738b7b9bfe3a7127c8558a installed
libcap-ng-0.8.5-4.fc42.x86_64 1737111057 74691 16540797b36a613b65c31476e6f02d93 installed
audit-libs-4.0.3-2.fc42.x86_64 1737028971 359737 d09e503d0bae26a00d7187fc5acf6c64 installed
pam-libs-1.7.0-4.fc42.x86_64 1737152803 129759 e2c16e33e3d46106b9005c065142eb36 installed
libcap-2.73-2.fc42.x86_64 1737750988 212052 b2b7c26aba21c3a2fa2cbfc24d9698b5 installed
systemd-libs-257.4-3.fc43.x86_64 1741344890 2328858 d2b7525e4551a46ec783d749879c4929 installed
libsmartcols-2.40.4-7.fc43.x86_64 1740398554 184714 5659e11c58eb57298b7b3658aa4e1088 installed
libsepol-3.8-1.fc42.x86_64 1738241531 845875 d5b6113188355fa2b58451309906e023 installed
libselinux-3.8-1.fc42.x86_64 1738245255 197725 f4bc89717ea6fba6568c7deaafd842cc installed
findutils-1:4.10.0-5.fc42.x86_64 1737051733 1955391 ecb1ff619f84f79ad872422db6c0b278 installed
sed-4.9-4.fc42.x86_64 1737282528 877899 c90b8a5dcb94aa0774584c1fb244e48f installed
libmount-2.40.4-7.fc43.x86_64 1740398554 364778 5b55641bbe21c594e58c53a82274aafb installed
lz4-libs-1.10.0-2.fc42.x86_64 1737132171 161141 89a485af4995bd540d65fbad29691bb2 installed
lua-libs-5.4.7-3.fc43.x86_64 1741016232 283507 d3c9d3d3788f4f27cafdeaef47718e18 installed
alternatives-1.32-1.fc43.x86_64 1741883336 63712 e3f131a2bfdaaa577affb2f0f2f3c550 installed
libffi-3.4.7-2.fc43.x86_64 1741306566 84605 7fdbce3f4f29cf276f927c779bbb193b installed
libtasn1-4.20.0-1.fc43.x86_64 1739325729 180515 de5c78197a4cb76ecff7e2f32334ed4e installed
p11-kit-0.25.5-5.fc42.x86_64 1737152003 2274960 4d0bf8c21be1e51bcc4352bc45fa1bce installed
libunistring-1.1-9.fc42.x86_64 1737361013 1808725 2c88bdbf9d790990e43d8d1a74b688b0 installed
libidn2-2.3.8-1.fc43.x86_64 1741523488 565796 a68a6efc39b5ac999938c21148764758 installed
libpsl-0.21.5-5.fc42.x86_64 1737119649 78272 d4d68ed02c30df2bfa8ca916ee3a0f8f installed
p11-kit-trust-0.25.5-5.fc42.x86_64 1737152003 404980 e309905097ce348af0186905f1597ab7 installed
zstd-1.5.7-1.fc43.x86_64 1740053893 1789457 2542bfb2deecbd2c1b2f5695ab77ff7d installed
util-linux-core-2.40.4-7.fc43.x86_64 1740398554 1472684 09cc0cf749b9579e4a6bad0ccf8580c4 installed
tar-2:1.35-5.fc42.x86_64 1737289562 3097140 a625c0314493c7683b85c8167c10c6b3 installed
libsemanage-3.8-1.fc42.x86_64 1738246706 315803 3aad5700025baac7c1956cc0afa744dc installed
shadow-utils-2:4.17.4-1.fc43.x86_64 1742468482 4184310 8de16e186ef0bb43b148571cab8325b8 installed
systemd-standalone-sysusers-257.4-3.fc43.x86_64 1741344890 279815 a45a02e22fa3a2748c7664558186ac2d installed
zip-3.0-43.fc42.x86_64 1737305555 715281 e2d236412c587714a4ec689a730f3f8d installed
libfdisk-2.40.4-7.fc43.x86_64 1740398554 381266 ac6f8adbd38610ede3080bc972cbc696 installed
libxml2-2.12.10-1.fc43.x86_64 1741890659 1776236 0591fcfc4b2589066c22e263c86e39fc installed
bzip2-1.0.8-20.fc42.x86_64 1737033070 101717 9bfed4fabe4b0c70776cb21e6e3c0563 installed
add-determinism-0.6.0-1.fc43.x86_64 1739207326 2584319 af9a0553b593ac0cde467744573cbd0e installed
build-reproducibility-srpm-macros-0.6.0-1.fc43.noarch 1739207334 735 f11b54d17219f6934c33dcd996f36e48 installed
ed-1.21-2.fc42.x86_64 1737045712 150047 31ae737d0eafd6bc903a47701aad465d installed
patch-2.7.6-26.fc42.x86_64 1737153241 264858 5c8054d2d55177b810f1248fe01f79a8 installed
filesystem-srpm-macros-3.18-38.fc43.noarch 1738930534 39123 ffd96dd88eb0ba88d7531fe28d33f1c7 installed
elfutils-default-yama-scope-0.192-8.fc42.noarch 1737046326 1810 d0122e05a449bbc1ea89fb0b717e79d6 installed
elfutils-libs-0.192-8.fc42.x86_64 1737046316 691213 fc2597fcaa720e27205878e6d7f0ddbd installed
cpio-2.15-2.fc41.x86_64 1721247290 1146594 05e95a8ac296175c26a498b9ccb67afa installed
diffutils-3.11-1.fc43.x86_64 1743074921 1619530 b4bc3190f8b7969dfd9238660b767b03 installed
libgomp-15.0.1-0.10.fc43.x86_64 1741898901 548777 bfadad6da91c1dcc50e248d937b00d45 installed
sqlite-libs-3.49.0-1.fc43.x86_64 1738866754 1597008 610e8de7929b794e4ab3394fe4b9643c installed
json-c-0.18-2.fc42.x86_64 1737101356 88786 b0bde6113f78b859b2f5eabbbb9191fd installed
jansson-2.14-2.fc42.x86_64 1737099902 95293 1e8987cf05f76bbeb4ac13ce2eb026e1 installed
libpkgconf-2.3.0-2.fc42.x86_64 1737361735 79993 3365bc32e3be22ebf8bcee60d5b840cb installed
pkgconf-2.3.0-2.fc42.x86_64 1737361735 90593 d998e945a96364300295e5a98406a5e2 installed
pkgconf-pkg-config-2.3.0-2.fc42.x86_64 1737361735 989 fddec3ef0764d07bece4fd5e6be00d53 installed
xxhash-libs-0.8.3-2.fc42.x86_64 1737304353 92314 b92aac4960943aa181934373497edc36 installed
libbrotli-1.1.0-6.fc42.x86_64 1737032420 861466 826f9e53331310302fafd24da4bccd61 installed
libnghttp2-1.65.0-1.fc43.x86_64 1741013855 166092 e438362a98bdc201f4acd41c5bdf0e1e installed
keyutils-libs-1.6.3-5.fc42.x86_64 1737103574 59675 b2971aab162edb6a167c849b484352cd installed
libcom_err-1.47.2-3.fc42.x86_64 1737049036 68721 c4c84b80a841754f62f7faaf7e3290a9 installed
libverto-0.3.2-10.fc42.x86_64 1737125909 25997 67b002fc387f187e2465dabc207fb205 installed
libtool-ltdl-2.5.4-4.fc42.x86_64 1737360905 71809 e2fb8f721461573fb75934dbbc02a713 installed
gdbm-libs-1:1.23-9.fc42.x86_64 1738167602 132994 eb3c217641f207150f0383355a9cc301 installed
cyrus-sasl-lib-2.1.28-30.fc42.x86_64 1738072003 2409568 57bb98419140886a218ea12148de160c installed
rust-srpm-macros-26.3-4.fc42.noarch 1737266245 4965 f8f75e0d8f34c665ea0a1e51b1e9cbe3 installed
qt6-srpm-macros-6.8.2-2.fc43.noarch 1739817217 464 7147fc5df489e5cfc503e6b2fbadd2f0 installed
qt5-srpm-macros-5.15.16-1.fc43.noarch 1742205647 500 867081bfc4548a5dd1f89d5b9d809763 installed
perl-srpm-macros-1-57.fc42.noarch 1737190114 861 771d91d34c8fb28803f7bf55512ab85a installed
package-notes-srpm-macros-0.5-13.fc42.noarch 1737153866 1631 d3983757177256594fa8340e230c3b7c installed
openblas-srpm-macros-2-19.fc42.noarch 1737149977 112 988ca8e8564985e80ce473dbc0d5d6e3 installed
ocaml-srpm-macros-10-4.fc42.noarch 1737148365 1959 f661b75c69de2819191e907cd7660e1c installed
kernel-srpm-macros-1.0-25.fc42.noarch 1737103383 1964 1560b239671379a50924042186153f6d installed
gnat-srpm-macros-6-7.fc42.noarch 1737067124 1019 3447094e701e19f40c0af37ef35e8a5b installed
ghc-srpm-macros-1.9.2-2.fc42.noarch 1737063350 779 8304c96df6ebb48db1d813194486252b installed
fpc-srpm-macros-1.3-14.fc42.noarch 1737053777 144 836adbeac56f5f6411943ce9c8bfb276 installed
ansible-srpm-macros-1-17.1.fc42.noarch 1737026072 36518 0ea6bf87e3cd06449d9bc0f76a7dcb15 installed
coreutils-common-9.6-2.fc43.x86_64 1740500862 11657773 8aee1488c58d9601ac40fa595a80658f installed
openssl-libs-1:3.5.0-2.fc43.x86_64 1742990158 9310370 a52afe8641723b79c7fd5955f530a98f installed
coreutils-9.6-2.fc43.x86_64 1740500862 5677321 7d8bf82b316c3b7a52c9016b0b22e811 installed
ca-certificates-2024.2.69_v8.0.401-5.fc42.noarch 1737033359 2713500 fd9430b4294e3e94fc8816f4ce2adbcd installed
libarchive-3.7.7-4.fc43.x86_64 1741789551 952978 cb103dee9e20967ae585f5bcabaa483d installed
krb5-libs-1.21.3-5.fc42.x86_64 1738176258 2401979 65e86c7ba6c73b9e1c22e6edecfee2e0 installed
libssh-0.11.1-4.fc42.x86_64 1737360668 579035 9eb966361017bcb9c9967cfae655ba9d installed
gzip-1.13-3.fc42.x86_64 1737092999 402282 ab019354d1d0cec1040a2981632ee091 installed
rpm-sequoia-1.7.0-5.fc43.x86_64 1738848490 2530278 a13f316e2daa9e3ec1f3631ae28aade7 installed
rpm-libs-4.20.1-1.fc43.x86_64 1740656386 739160 3e0fdcd74873686cc6963bc40f775d85 installed
rpm-build-libs-4.20.1-1.fc43.x86_64 1740656386 211544 4fdb5c555eed1f0e7ff8bb1a2520e7a7 installed
libevent-2.1.12-15.fc42.x86_64 1737112568 924738 8653565737007f4781d606ac96fcd720 installed
openldap-2.6.9-3.fc42.x86_64 1737749997 670862 93897a5aca0e2b74321acf7a8a1b0743 installed
libcurl-8.13.0~rc3-1.fc43.x86_64 1742985647 891342 08a4c2cb324995ffadae14dffaff2140 installed
elfutils-debuginfod-client-0.192-8.fc42.x86_64 1737046316 85920 dc3ee2385e433d26d8ef64c2ec00fab7 installed
elfutils-0.192-8.fc42.x86_64 1737046316 2807454 7a250c74affd7885fb98f87d46084f4d installed
binutils-2.44-3.fc43.x86_64 1738946051 27121205 2f6ff6f05591a9c4b3a6ac7a09d7519c installed
gdb-minimal-16.2-1.fc43.x86_64 1738923817 13943561 924e2126a7a02d5661ad6fc050355016 installed
debugedit-5.1-5.fc43.x86_64 1740560796 197311 de4f74b5a07dbd86cec3b5cebe337821 installed
curl-8.13.0~rc3-1.fc43.x86_64 1742985647 467944 525fb630063a3cf64e16b0f9ef3f6a48 installed
rpm-4.20.1-1.fc43.x86_64 1740656386 3202519 9c572a9df23a1e3e8a3c6ffac50f9ad4 installed
efi-srpm-macros-6-3.fc43.noarch 1741955642 41108 8d51e7397190ee39e1cbfc511d7f5f2f installed
lua-srpm-macros-1-15.fc42.noarch 1737130969 1367 a6881b2eb706e19adfebfb90907cf9ce installed
tree-sitter-srpm-macros-0.2.0-1.fc43.noarch 1741350956 7063 879dcaa25fe1022885da851fa8c4d196 installed
zig-srpm-macros-1-4.fc42.noarch 1737305483 1121 09402bef4df998e3196ec648f6a71886 installed
fonts-srpm-macros-1:2.0.5-21.fc42.noarch 1737635733 57184 21f3f57b381b9e48985babeedea829e1 installed
forge-srpm-macros-0.4.0-2.fc42.noarch 1737054298 39882 132621a18ca9d6965d8056420c6d4212 installed
go-srpm-macros-3.6.0-7.fc43.noarch 1743003025 62271 4deee760707fd96102513a532c96e4a3 installed
python-srpm-macros-3.13-5.fc43.noarch 1742900563 52950 21388879fff6e505bf9e9f9ae053a7d5 installed
redhat-rpm-config-342-2.fc42.noarch 1738539211 191307 0ee212e355b8af7ed838fd802f200376 installed
rpm-build-4.20.1-1.fc43.x86_64 1740656386 172777 5f25312b6cb8b70f51d255941998a21d installed
pyproject-srpm-macros-1.18.1-1.fc43.noarch 1742568197 1955 449cbfc25952c08a3870d8fc9f1c0bb7 installed
which-2.23-1.fc42.x86_64 1738594443 85426 f2bb56a731bbba0b0fb57edac7a62e9e installed
util-linux-2.40.4-7.fc43.x86_64 1740398554 3562538 2254330affe28d90be4cc7f3db89cda8 installed
info-7.2-3.fc42.x86_64 1737466532 366455 566bb1fdee426bdcd72276be7537d024 installed
libmpc-1.3.1-7.fc42.x86_64 1737116037 168484 783d9027d9fd5316557295bd661ff209 installed
cpp-15.0.1-0.10.fc43.x86_64 1741898901 39591201 8b27394f52d57da385cc0b681a96d4fb installed
annobin-docs-12.93-1.fc43.noarch 1742211929 101230 55cfce9085149d7399e2712f08968836 installed
kernel-headers-6.14.0-63.fc43.x86_64 1742843247 6845810 b978dcc828d3a46c2587b0eb88cc4e81 installed
libxcrypt-devel-4.4.38-6.fc43.x86_64 1739536338 31504 b3c762ca56fd3c37813cd4fcd10f38d5 installed
glibc-devel-2.41.9000-6.fc43.x86_64 1742927080 2377082 c1e0dfc73e1c40420eee6bb4208cebde installed
make-1:4.4.1-10.fc42.x86_64 1737132723 1880271 f28d8e480c08b6aef15d36403f8ea596 installed
gcc-15.0.1-0.10.fc43.x86_64 1741898901 116035456 62d2121b895970708c0472d45c8d9663 installed
annobin-plugin-gcc-12.93-1.fc43.x86_64 1742211933 1017206 63f08ac3d5a449a60c3a6c423bdfaff5 installed
gcc-plugin-annobin-15.0.1-0.10.fc43.x86_64 1741898901 58522 88a6d1f0e44c3669117abe84b08b2f9b installed
systemd-rpm-macros-257.4-3.fc43.noarch 1741344859 8704 d0864a113685e144ccf759070552f698 installed
kmodtool-1.1-13.fc43.noarch 1741293374 28221 cd10ac7534ca2d93faa72f16ce15975b installed
